<?xml version="1.0" encoding="UTF-8"?>
<!-- Generated by org.testng.reporters.JUnitXMLReporter -->
<testsuite hostname="DESKTOP-8RB6N7I" name="Test" tests="4" failures="0" timestamp="21 Apr 2018 09:42:38 GMT" time="0.026" errors="0">
  <testcase name="TC3" time="0.005" classname="TestNG.Second"/>
  <testcase name="TC1" time="0.001" classname="TestNG.first"/>
  <testcase name="TC2" time="0.001" classname="TestNG.first"/>
  <testcase name="TC4" time="0.0" classname="TestNG.Third"/>
</testsuite> <!-- Test -->
